0 info it worked if it ends with ok
1 verbose cli [ '/Users/heoyunjee/.nvm/versions/node/v6.9.1/bin/node',
1 verbose cli   '/Users/heoyunjee/.nvm/versions/node/v6.9.1/bin/npm',
1 verbose cli   'run',
1 verbose cli   'sass' ]
2 info using npm@3.10.8
3 info using node@v6.9.1
4 verbose run-script [ 'presass', 'sass', 'postsass' ]
5 info lifecycle dom-script-project-using-sass@1.0.0~presass: dom-script-project-using-sass@1.0.0
6 silly lifecycle dom-script-project-using-sass@1.0.0~presass: no script for presass, continuing
7 info lifecycle dom-script-project-using-sass@1.0.0~sass: dom-script-project-using-sass@1.0.0
8 verbose lifecycle dom-script-project-using-sass@1.0.0~sass: unsafe-perm in lifecycle true
9 verbose lifecycle dom-script-project-using-sass@1.0.0~sass: PATH: /Users/heoyunjee/.nvm/versions/node/v6.9.1/lib/node_modules/npm/bin/node-gyp-bin:/Users/heoyunjee/fastcampus/Lecture/DAY22/node_modules/.bin:/Users/heoyunjee/.nvm/versions/node/v6.9.1/bin:/usr/local/bin:/usr/bin:/bin:/usr/sbin:/sbin:/Users/heoyunjee/.rvm/bin
10 verbose lifecycle dom-script-project-using-sass@1.0.0~sass: CWD: /Users/heoyunjee/fastcampus/Lecture/DAY22
11 silly lifecycle dom-script-project-using-sass@1.0.0~sass: Args: [ '-c',
11 silly lifecycle   'node-sass -w -r DOM_Script/sass -o DOM_Script/css --source-map ./DOM_Script/css --output-style compressed' ]
12 silly lifecycle dom-script-project-using-sass@1.0.0~sass: Returned: code: 1  signal: null
13 info lifecycle dom-script-project-using-sass@1.0.0~sass: Failed to exec sass script
14 verbose stack Error: dom-script-project-using-sass@1.0.0 sass: `node-sass -w -r DOM_Script/sass -o DOM_Script/css --source-map ./DOM_Script/css --output-style compressed`
14 verbose stack Exit status 1
14 verbose stack     at EventEmitter.<anonymous> (/Users/heoyunjee/.nvm/versions/node/v6.9.1/lib/node_modules/npm/lib/utils/lifecycle.js:255:16)
14 verbose stack     at emitTwo (events.js:106:13)
14 verbose stack     at EventEmitter.emit (events.js:191:7)
14 verbose stack     at ChildProcess.<anonymous> (/Users/heoyunjee/.nvm/versions/node/v6.9.1/lib/node_modules/npm/lib/utils/spawn.js:40:14)
14 verbose stack     at emitTwo (events.js:106:13)
14 verbose stack     at ChildProcess.emit (events.js:191:7)
14 verbose stack     at maybeClose (internal/child_process.js:877:16)
14 verbose stack     at Process.ChildProcess._handle.onexit (internal/child_process.js:226:5)
15 verbose pkgid dom-script-project-using-sass@1.0.0
16 verbose cwd /Users/heoyunjee/fastcampus/Lecture/DAY22
17 error Darwin 15.6.0
18 error argv "/Users/heoyunjee/.nvm/versions/node/v6.9.1/bin/node" "/Users/heoyunjee/.nvm/versions/node/v6.9.1/bin/npm" "run" "sass"
19 error node v6.9.1
20 error npm  v3.10.8
21 error code ELIFECYCLE
22 error dom-script-project-using-sass@1.0.0 sass: `node-sass -w -r DOM_Script/sass -o DOM_Script/css --source-map ./DOM_Script/css --output-style compressed`
22 error Exit status 1
23 error Failed at the dom-script-project-using-sass@1.0.0 sass script 'node-sass -w -r DOM_Script/sass -o DOM_Script/css --source-map ./DOM_Script/css --output-style compressed'.
23 error Make sure you have the latest version of node.js and npm installed.
23 error If you do, this is most likely a problem with the dom-script-project-using-sass package,
23 error not with npm itself.
23 error Tell the author that this fails on your system:
23 error     node-sass -w -r DOM_Script/sass -o DOM_Script/css --source-map ./DOM_Script/css --output-style compressed
23 error You can get information on how to open an issue for this project with:
23 error     npm bugs dom-script-project-using-sass
23 error Or if that isn't available, you can get their info via:
23 error     npm owner ls dom-script-project-using-sass
23 error There is likely additional logging output above.
24 verbose exit [ 1, true ]
